[10/Mar/2020:18:07:57] (ℹ️): WordPress Instance Info:
[10/Mar/2020:18:07:57] (ℹ️): Home URL : http://www.ai.eu.sk
[10/Mar/2020:18:07:57] (ℹ️): Site URL : http://www.ai.eu.sk
[10/Mar/2020:18:07:57] (ℹ️): WordPress Version : 5.3.2
[10/Mar/2020:18:07:57] (ℹ️): Onboarding Version : 1.7.12
[10/Mar/2020:18:07:57] (ℹ️): Multisite : No
[10/Mar/2020:18:07:57] (ℹ️): Server Info : Apache
[10/Mar/2020:18:07:57] (ℹ️): PHP Version : 7.2.0
[10/Mar/2020:18:07:57] (ℹ️): HTTPS : No
[10/Mar/2020:18:07:57] (ℹ️): PHP Max Execution Time : 30
[10/Mar/2020:18:07:57] (ℹ️): PHP Max Input Vars : 1000
[10/Mar/2020:18:07:57] (ℹ️): Max Upload Size : 67108864
[10/Mar/2020:18:07:57] (ℹ️): Plugins:
[10/Mar/2020:18:07:57] (ℹ️): [PLUGIN] Elementor : v2.9.5 (Elementor.com)
[10/Mar/2020:18:07:57] (ℹ️): [PLUGIN] Google Language Translator : v6.0.5 (Translate AI Multilingual Solutions)
[10/Mar/2020:18:07:57] (ℹ️): [PLUGIN] Jetpack by WordPress.com : v8.3 (Automattic)
[10/Mar/2020:18:07:57] (ℹ️): [PLUGIN] Membership by Supsystic : v1.4.5 (supsystic.com)
[10/Mar/2020:18:07:57] (ℹ️): [PLUGIN] Mesmerize Companion : v1.6.111 (Horea Radu)
[10/Mar/2020:18:07:57] (ℹ️): [PLUGIN] Orbit Fox Companion : v2.9.3 (Themeisle)
[10/Mar/2020:18:07:57] (ℹ️): [PLUGIN] Timeline Express - No Icons Add-On : v1.2.0 (Code Parrots)
[10/Mar/2020:18:07:57] (ℹ️): [PLUGIN] Timeline Express - Single Column Add-On : v1.1.0 (Code Parrots)
[10/Mar/2020:18:07:57] (ℹ️): [PLUGIN] Timeline Express : v1.8.0 (Code Parrots)
